正在获取课程列表...
[Worker 0] 打开课程标签页
[Worker 0] 找到「我要学习」
[Worker 1] 打开课程标签页
[Worker 1] 找到「我要学习」
[Worker 2] 打开课程标签页
[Worker 0] 正在查找视频元素...
[Worker 0] 找到视频元素: video
[Worker 2] 找到「我要学习」
[Worker 3] 打开课程标签页
[Worker 1] 正在查找视频元素...
[Worker 1] 找到视频元素: video
[Worker 3] 找到「我要学习」
[Worker 4] 打开课程标签页
[Worker 2] 正在查找视频元素...
[Worker 2] 找到视频元素: video
[Worker 4] 找到「我要学习」
[Worker 3] 正在查找视频元素...
[Worker 3] 找到视频元素: video
[Worker 4] 正在查找视频元素...
[Worker 4] 找到视频元素: video
正在获取课程列表...
[Worker 0] 打开课程标签页
[Worker 0] 找到「我要学习」
[Worker 1] 打开课程标签页
[Worker 1] 找到「我要学习」
[Worker 2] 打开课程标签页
[Worker 0] 正在查找视频元素...
[Worker 0] 找到视频元素: video
[Worker 2] 找到「我要学习」
[Worker 1] 正在查找视频元素...
[Worker 1] 找到视频元素: video
[Worker 3] 打开课程标签页
[Worker 3] 找到「我要学习」
[Worker 4] 打开课程标签页
[Worker 2] 正在查找视频元素...
[Worker 2] 找到视频元素: video
[Worker 4] 找到「我要学习」
[Worker 3] 正在查找视频元素...
[Worker 3] 找到视频元素: video
[Worker 4] 正在查找视频元素...
[Worker 4] 找到视频元素: video
当前URL: https://u.ccb.com/portal/#/study?microPageId=1565348618942312449
tag-tree-list: 87 spans
当前页面URL: https://u.ccb.com/workshop/#/index?collegeId=&departmentId=&orderby=praise
新标签页URL: https://u.ccb.com/workshop/#/myworkshop/detail?id=d8e40285-8484-41ce-97ad-6f1698
页面标题预览:  总行
  曹书恒
研究
学习
我的
管理
个人主页
学习资源
我的直播
我的课程
我的专题班
我的乐学
我的训练营
我的大赛
我的论道
我的素材
我的选课
我的培训班*
我的调查
创作中心
我要直播
正在获取课程列表...
[工作线程 1] 打开课程标签页
[工作线程 2] 打开课程标签页
[工作线程 3] 打开课程标签页
[工作线程 4] 打开课程标签页
[工作线程 5] 打开课程标签页
[工作线程 1] 找到「继续学习」
[工作线程 2] 找到「继续学习」
[工作线程 1] 正在查找视频元素...
[工作线程 1] 找到视频元素: video
[工作线程 3] 找到「继续学习」
[工作线程 2] 正在查找视频元素...
[工作线程 2] 找到视频元素: video
[工作线程 4] 找到「继续学习」
[工作线程 3] 正在查找视频元素...
[工作线程 3] 找到视频元素: video
[工作线程 5] 找到「继续学习」
[工作线程 4] 正在查找视频元素...
[工作线程 4] 找到视频元素: video
[工作线程 5] 正在查找视频元素...
[工作线程 5] 找到视频元素: video
当前URL: https://u.ccb.com/portal/#/study?microPageId=1565348618942312449
当前页面URL: https://u.ccb.com/workshop/#/index?collegeId=&departmentId=&orderby=praise
新标签页URL: https://u.ccb.com/workshop/#/myworkshop/detail?id=935a7061-f2cc-4100-ad29-8eba66
页面标题预览:  总行
  曹书恒
研究
学习
我的
管理
个人主页
学习资源
我的直播
我的课程
我的专题班
我的乐学
我的训练营
我的大赛
我的论道
我的素材
我的选课
我的培训班*
我的调查
创作中心
我要直播
正在获取课程列表...
[工作线程 1] 打开课程标签页
当前URL: https://u.ccb.com/portal/#/study?microPageId=1565348618942312449
找到 我要学习
[工作线程 1] 正在查找视频元素...
[工作线程 1] 找到视频元素: video
找到 我要学习
找到 我要学习
[工作线程 2] 正在查找视频元素...
[工作线程 2] 找到视频元素: video
找到 我要学习
[工作线程 3] 正在查找视频元素...
[工作线程 3] 找到视频元素: video
找到 我要学习
[工作线程 4] 正在查找视频元素...
[工作线程 4] 找到视频元素: video
[工作线程 5] 正在查找视频元素...
[工作线程 5] 找到视频元素: video
当前URL: https://u.ccb.com/portal/#/study?microPageId=1565348618942312449
当前URL: https://u.ccb.com/portal/#/study?microPageId=1565348618942312449
学习中心页面内容:
学习中心
 总行
  曹书恒
研究
学习
我的
管理
总体培训情况
集中培训
网络自学
应训时长
每年应完成
90学时
每年应完成
50学时
今年已训
2学时
5学时
完成进度
今年
2.22%
今年
10%
学时指标:
1. 全行七职等及以上人员毎5年参加集中培训累计不少于3个月或550学时；其他人员毎年参加集中培训累计不少于12天或90学时。
2. 全行干部员工毎年参加网络自学累计不少于50学时。
集中培训 主要包括以下4种情形：
1. 经组织选调参加的脱产培训；
2. 参加党委理论学习中心组学习；
3. 经组织统一安排、在规定时限内参加并完成学习任务的网络专题培训；
4. 由组织安排，采取线上、线下等方式，在特定时间、指定地点参加的集中宣讲、专题讲座等。
网络自学 学时根据建行学习平台学习数据及培训管理ERP系统(TMIS)中“网络自学”数据进行统计。
我的必学
更多
今日没有学习任务
我的选学
更多
课程
微课
读书
案例
直播
专题班
训练营
   共计1.75学时
课程
《员工网络安全实务手册》系列微课
网络
学习进度
14.29%
忽略此内容
   共计21.25学时
课程
金融科技人才培养工程项目第二期线上培训
网络
学习进度
92.86%
忽略此内容
   共计20.5学时
课程
2025年生成式人工智能应用培训班
网络
学习进度
65.22%
忽略此内容
推荐学
学时解析: 集中培训=2.0, 网络自学=5.0
当前URL: https://u.ccb.com/portal/#/study?microPageId=1565348618942312449
学习中心页面内容:
学习中心
 总行
  曹书恒
研究
学习
我的
管理
总体培训情况
集中培训
网络自学
应训时长
每年应完成
90学时
每年应完成
50学时
今年已训
2学时
5学时
完成进度
今年
2.22%
今年
10%
学时指标:
1. 全行七职等及以上人员毎5年参加集中培训累计不少于3个月或550学时；其他人员毎年参加集中培训累计不少于12天或90学时。
2. 全行干部员工毎年参加网络自学累计不少于50学时。
集中培训 主要包括以下4种情形：
1. 经组织选调参加的脱产培训；
2. 参加党委理论学习中心组学习；
3. 经组织统一安排、在规定时限内参加并完成学习任务的网络专题培训；
4. 由组织安排，采取线上、线下等方式，在特定时间、指定地点参加的集中宣讲、专题讲座等。
网络自学 学时根据建行学习平台学习数据及培训管理ERP系统(TMIS)中“网络自学”数据进行统计。
我的必学
更多
今日没有学习任务
我的选学
更多
课程
微课
读书
案例
直播
专题班
训练营
   共计1.75学时
课程
《员工网络安全实务手册》系列微课
网络
学习进度
14.29%
忽略此内容
   共计21.25学时
课程
金融科技人才培养工程项目第二期线上培训
网络
学习进度
92.86%
忽略此内容
   共计20.5学时
课程
2025年生成式人工智能应用培训班
网络
学习进度
65.22%
忽略此内容
推荐学
学时解析: 集中培训=2.0, 网络自学=5.0
当前URL: https://u.ccb.com/portal/#/study?microPageId=1565348618942312449
学习中心页面内容:
学习中心
 总行
  曹书恒
研究
学习
我的
管理
总体培训情况
集中培训
网络自学
应训时长
每年应完成
90学时
每年应完成
50学时
今年已训
2学时
5学时
完成进度
今年
2.22%
今年
10%
学时指标:
1. 全行七职等及以上人员毎5年参加集中培训累计不少于3个月或550学时；其他人员毎年参加集中培训累计不少于12天或90学时。
2. 全行干部员工毎年参加网络自学累计不少于50学时。
集中培训 主要包括以下4种情形：
1. 经组织选调参加的脱产培训；
2. 参加党委理论学习中心组学习；
3. 经组织统一安排、在规定时限内参加并完成学习任务的网络专题培训；
4. 由组织安排，采取线上、线下等方式，在特定时间、指定地点参加的集中宣讲、专题讲座等。
网络自学 学时根据建行学习平台学习数据及培训管理ERP系统(TMIS)中“网络自学”数据进行统计。
我的必学
更多
今日没有学习任务
我的选学
更多
课程
微课
读书
案例
直播
专题班
训练营
   共计1.75学时
课程
《员工网络安全实务手册》系列微课
网络
学习进度
14.29%
忽略此内容
   共计21.25学时
课程
金融科技人才培养工程项目第二期线上培训
网络
学习进度
92.86%
忽略此内容
   共计20.5学时
课程
2025年生成式人工智能应用培训班
网络
学习进度
65.22%
忽略此内容
推荐学
学时解析: 集中培训=2.0, 网络自学=5.0
当前URL: https://u.ccb.com/portal/#/study?microPageId=1565348618942312449
学习中心页面内容:
学习中心
 总行
  曹书恒
研究
学习
我的
管理
总体培训情况
集中培训
网络自学
应训时长
每年应完成
90学时
每年应完成
50学时
今年已训
2学时
5学时
完成进度
今年
2.22%
今年
10%
学时指标:
1. 全行七职等及以上人员毎5年参加集中培训累计不少于3个月或550学时；其他人员毎年参加集中培训累计不少于12天或90学时。
2. 全行干部员工毎年参加网络自学累计不少于50学时。
集中培训 主要包括以下4种情形：
1. 经组织选调参加的脱产培训；
2. 参加党委理论学习中心组学习；
3. 经组织统一安排、在规定时限内参加并完成学习任务的网络专题培训；
4. 由组织安排，采取线上、线下等方式，在特定时间、指定地点参加的集中宣讲、专题讲座等。
网络自学 学时根据建行学习平台学习数据及培训管理ERP系统(TMIS)中“网络自学”数据进行统计。
我的必学
更多
今日没有学习任务
我的选学
更多
课程
微课
读书
案例
直播
专题班
训练营
   共计1.75学时
课程
《员工网络安全实务手册》系列微课
网络
学习进度
14.29%
忽略此内容
   共计21.25学时
课程
金融科技人才培养工程项目第二期线上培训
网络
学习进度
92.86%
忽略此内容
   共计20.5学时
课程
2025年生成式人工智能应用培训班
网络
学习进度
65.22%
忽略此内容
推荐学
学时解析: 集中培训=2.0, 网络自学=5.0
当前页面URL: https://u.ccb.com/workshop/#/index?collegeId=&departmentId=&orderby=praise
新标签页URL: https://u.ccb.com/workshop/#/myworkshop/detail?id=935a7061-f2cc-4100-ad29-8eba66
页面标题预览:  总行
  曹书恒
研究
学习
我的
管理
个人主页
学习资源
我的直播
我的课程
我的专题班
我的乐学
我的训练营
我的大赛
我的论道
我的素材
我的选课
我的培训班*
我的调查
创作中心
我要直播
正在获取课程列表...
[工作线程 1] 打开课程标签页
[工作线程 1] 找到「我要学习」
[工作线程 2] 打开课程标签页
[工作线程 2] 找到「我要学习」
当前URL: https://u.ccb.com/portal/#/study?microPageId=1565348618942312449
学习中心页面内容:
学习中心
 总行
  曹书恒
研究
学习
我的
管理
总体培训情况
集中培训
网络自学
应训时长
每年应完成
90学时
每年应完成
50学时
今年已训
2学时
5学时
完成进度
今年
2.22%
今年
10%
学时指标:
1. 全行七职等及以上人员毎5年参加集中培训累计不少于3个月或550学时；其他人员毎年参加集中培训累计不少于12天或90学时。
2. 全行干部员工毎年参加网络自学累计不少于50学时。
集中培训 主要包括以下4种情形：
1. 经组织选调参加的脱产培训；
2. 参加党委理论学习中心组学习；
3. 经组织统一安排、在规定时限内参加并完成学习任务的网络专题培训；
4. 由组织安排，采取线上、线下等方式，在特定时间、指定地点参加的集中宣讲、专题讲座等。
网络自学 学时根据建行学习平台学习数据及培训管理ERP系统(TMIS)中“网络自学”数据进行统计。
我的必学
更多
今日没有学习任务
我的选学
更多
课程
微课
读书
案例
直播
专题班
训练营
   共计1.75学时
课程
《员工网络安全实务手册》系列微课
网络
学习进度
14.29%
忽略此内容
   共计21.25学时
课程
金融科技人才培养工程项目第二期线上培训
网络
学习进度
92.86%
忽略此内容
   共计20.5学时
课程
2025年生成式人工智能应用培训班
网络
学习进度
65.22%
忽略此内容
推荐学
学时解析: 集中培训=2.0, 网络自学=5.0
当前页面URL: https://u.ccb.com/workshop/#/index?collegeId=&departmentId=&orderby=praise
当前URL: https://u.ccb.com/portal/#/study?microPageId=1565348618942312449
学习中心页面内容:
学习中心
 总行
  曹书恒
研究
学习
我的
管理
总体培训情况
集中培训
网络自学
应训时长
每年应完成
90学时
每年应完成
50学时
今年已训
2学时
5学时
完成进度
今年
2.22%
今年
10%
学时指标:
1. 全行七职等及以上人员毎5年参加集中培训累计不少于3个月或550学时；其他人员毎年参加集中培训累计不少于12天或90学时。
2. 全行干部员工毎年参加网络自学累计不少于50学时。
集中培训 主要包括以下4种情形：
1. 经组织选调参加的脱产培训；
2. 参加党委理论学习中心组学习；
3. 经组织统一安排、在规定时限内参加并完成学习任务的网络专题培训；
4. 由组织安排，采取线上、线下等方式，在特定时间、指定地点参加的集中宣讲、专题讲座等。
网络自学 学时根据建行学习平台学习数据及培训管理ERP系统(TMIS)中“网络自学”数据进行统计。
我的必学
更多
今日没有学习任务
我的选学
更多
课程
微课
读书
案例
直播
专题班
训练营
   共计1.75学时
课程
《员工网络安全实务手册》系列微课
网络
学习进度
14.29%
忽略此内容
   共计21.25学时
课程
金融科技人才培养工程项目第二期线上培训
网络
学习进度
92.86%
忽略此内容
   共计20.5学时
课程
2025年生成式人工智能应用培训班
网络
学习进度
65.22%
忽略此内容
推荐学
学时解析: 集中培训=2.0, 网络自学=5.0
当前URL: https://u.ccb.com/portal/#/study?microPageId=1565348618942312449
当前URL: https://u.ccb.com/portal/#/study?microPageId=1565348618942312449
学习中心页面内容:
学习中心
 总行
  曹书恒
研究
学习
我的
管理
总体培训情况
集中培训
网络自学
应训时长
每年应完成
90学时
每年应完成
50学时
今年已训
2学时
5学时
完成进度
今年
2.22%
今年
10%
学时指标:
1. 全行七职等及以上人员毎5年参加集中培训累计不少于3个月或550学时；其他人员毎年参加集中培训累计不少于12天或90学时。
2. 全行干部员工毎年参加网络自学累计不少于50学时。
集中培训 主要包括以下4种情形：
1. 经组织选调参加的脱产培训；
2. 参加党委理论学习中心组学习；
3. 经组织统一安排、在规定时限内参加并完成学习任务的网络专题培训；
4. 由组织安排，采取线上、线下等方式，在特定时间、指定地点参加的集中宣讲、专题讲座等。
网络自学 学时根据建行学习平台学习数据及培训管理ERP系统(TMIS)中“网络自学”数据进行统计。
我的必学
更多
今日没有学习任务
我的选学
更多
课程
微课
读书
案例
直播
专题班
训练营
   共计1.75学时
课程
《员工网络安全实务手册》系列微课
网络
学习进度
14.29%
忽略此内容
   共计21.25学时
课程
金融科技人才培养工程项目第二期线上培训
网络
学习进度
92.86%
忽略此内容
   共计20.5学时
课程
2025年生成式人工智能应用培训班
网络
学习进度
65.22%
忽略此内容
推荐学
学时解析: 集中培训=2.0, 网络自学=5.0
当前URL: https://u.ccb.com/portal/#/study?microPageId=1565348618942312449
学习中心页面内容:
学习中心
 总行
  曹书恒
研究
学习
我的
管理
总体培训情况
集中培训
网络自学
应训时长
每年应完成
90学时
每年应完成
50学时
今年已训
2学时
5学时
完成进度
今年
2.22%
今年
10%
学时指标:
1. 全行七职等及以上人员毎5年参加集中培训累计不少于3个月或550学时；其他人员毎年参加集中培训累计不少于12天或90学时。
2. 全行干部员工毎年参加网络自学累计不少于50学时。
集中培训 主要包括以下4种情形：
1. 经组织选调参加的脱产培训；
2. 参加党委理论学习中心组学习；
3. 经组织统一安排、在规定时限内参加并完成学习任务的网络专题培训；
4. 由组织安排，采取线上、线下等方式，在特定时间、指定地点参加的集中宣讲、专题讲座等。
网络自学 学时根据建行学习平台学习数据及培训管理ERP系统(TMIS)中“网络自学”数据进行统计。
我的必学
更多
今日没有学习任务
我的选学
更多
课程
微课
读书
案例
直播
专题班
训练营
   共计1.75学时
课程
《员工网络安全实务手册》系列微课
网络
学习进度
14.29%
忽略此内容
   共计21.25学时
课程
金融科技人才培养工程项目第二期线上培训
网络
学习进度
92.86%
忽略此内容
   共计20.5学时
课程
2025年生成式人工智能应用培训班
网络
学习进度
65.22%
忽略此内容
推荐学
学时解析: 集中培训=2.0, 网络自学=5.0
tag-tree-list: 87 spans
当前页面URL: https://u.ccb.com/workshop/#/index?collegeId=&departmentId=&orderby=praise
新标签页URL: https://u.ccb.com/workshop/#/myworkshop/detail?id=d8e40285-8484-41ce-97ad-6f1698
页面标题预览:  总行
  曹书恒
研究
学习
我的
管理
个人主页
学习资源
我的直播
我的课程
我的专题班
我的乐学
我的训练营
我的大赛
我的论道
我的素材
我的选课
我的培训班*
我的调查
创作中心
我要直播
正在获取课程列表...
[工作线程 1] 打开课程标签页
[工作线程 2] 打开课程标签页
[工作线程 4] 打开课程标签页
[工作线程 5] 打开课程标签页
[工作线程 3] 打开课程标签页
[工作线程 1] 找到「继续学习」
[工作线程 1] 正在查找视频元素...
[工作线程 1] 找到视频元素: video
[工作线程 2] 找到「继续学习」
[工作线程 4] 找到「继续学习」
[工作线程 5] 找到「继续学习」
[工作线程 2] 正在查找视频元素...
[工作线程 2] 找到视频元素: video
[工作线程 3] 找到「继续学习」
[工作线程 4] 正在查找视频元素...
[工作线程 4] 找到视频元素: video
[工作线程 5] 正在查找视频元素...
[工作线程 5] 找到视频元素: video
[工作线程 3] 正在查找视频元素...
[工作线程 3] 找到视频元素: video
当前URL: https://u.ccb.com/portal/#/study?microPageId=1565348618942312449
学习中心页面内容:
学习中心
 总行
  曹书恒
研究
学习
我的
管理
总体培训情况
集中培训
网络自学
应训时长
每年应完成
90学时
每年应完成
50学时
今年已训
2学时
5.5学时
完成进度
今年
2.22%
今年
11%
学时指标:
1. 全行七职等及以上人员毎5年参加集中培训累计不少于3个月或550学时；其他人员毎年参加集中培训累计不少于12天或90学时。
2. 全行干部员工毎年参加网络自学累计不少于50学时。
集中培训 主要包括以下4种情形：
1. 经组织选调参加的脱产培训；
2. 参加党委理论学习中心组学习；
3. 经组织统一安排、在规定时限内参加并完成学习任务的网络专题培训；
4. 由组织安排，采取线上、线下等方式，在特定时间、指定地点参加的集中宣讲、专题讲座等。
网络自学 学时根据建行学习平台学习数据及培训管理ERP系统(TMIS)中“网络自学”数据进行统计。
我的必学
更多
今日没有学习任务
我的选学
更多
课程
微课
读书
案例
直播
专题班
训练营
   共计11.75学时
课程
征信合规管理系列课程
网络
学习进度
5.88%
忽略此内容
   共计1.75学时
课程
《员工网络安全实务手册》系列微课
网络
学习进度
14.29%
忽略此内容
   共计21.25学时
课程
金融科技人才培养工程项目第二期线上培训
网络
学习进度
92.86%
忽略此内容
推荐学习
我学过
学时解析: 集中培训=2.0, 网络自学=5.5
tag-tree-list: 87 spans
当前页面URL: https://u.ccb.com/workshop/#/index?collegeId=&departmentId=&orderby=praise
新标签页URL: https://u.ccb.com/workshop/#/myworkshop/detail?id=d8e40285-8484-41ce-97ad-6f1698
页面标题预览:  总行
  曹书恒
研究
学习
我的
管理
个人主页
学习资源
我的直播
我的课程
我的专题班
我的乐学
我的训练营
我的大赛
我的论道
我的素材
我的选课
我的培训班*
我的调查
创作中心
我要直播
正在获取课程列表...
[工作线程 1] 打开课程标签页
[工作线程 2] 打开课程标签页
[工作线程 3] 打开课程标签页
[工作线程 4] 打开课程标签页
[工作线程 5] 打开课程标签页
[工作线程 1] 找到「继续学习」
[工作线程 2] 找到「继续学习」
[工作线程 1] 正在查找视频元素...
[工作线程 1] 找到视频元素: video
[工作线程 2] 正在查找视频元素...
[工作线程 2] 找到视频元素: video
[工作线程 3] 找到「继续学习」
[工作线程 4] 找到「继续学习」
[工作线程 5] 找到「继续学习」
[工作线程 3] 正在查找视频元素...
[工作线程 3] 找到视频元素: video
[工作线程 4] 正在查找视频元素...
[工作线程 4] 找到视频元素: video
[工作线程 5] 正在查找视频元素...
[工作线程 5] 找到视频元素: video
画质: 4个, 最低: 流畅
画质: 4个, 最低: 流畅
画质: 4个, 最低: 流畅
画质: 4个, 最低: 流畅
画质: 4个, 最低: 流畅
当前URL: https://u.ccb.com/portal/#/study?microPageId=1565348618942312449
学习中心页面内容:
学习中心
 总行
  曹书恒
研究
学习
我的
管理
总体培训情况
集中培训
网络自学
应训时长
每年应完成
90学时
每年应完成
50学时
今年已训
2学时
5.5学时
完成进度
今年
2.22%
今年
11%
学时指标:
1. 全行七职等及以上人员毎5年参加集中培训累计不少于3个月或550学时；其他人员毎年参加集中培训累计不少于12天或90学时。
2. 全行干部员工毎年参加网络自学累计不少于50学时。
集中培训 主要包括以下4种情形：
1. 经组织选调参加的脱产培训；
2. 参加党委理论学习中心组学习；
3. 经组织统一安排、在规定时限内参加并完成学习任务的网络专题培训；
4. 由组织安排，采取线上、线下等方式，在特定时间、指定地点参加的集中宣讲、专题讲座等。
网络自学 学时根据建行学习平台学习数据及培训管理ERP系统(TMIS)中“网络自学”数据进行统计。
我的必学
更多
今日没有学习任务
我的选学
更多
课程
微课
读书
案例
直播
专题班
训练营
   共计11.75学时
课程
征信合规管理系列课程
网络
学习进度
5.88%
忽略此内容
   共计1.75学时
课程
《员工网络安全实务手册》系列微课
网络
学习进度
14.29%
忽略此内容
   共计21.25学时
课程
金融科技人才培养工程项目第二期线上培训
网络
学习进度
92.86%
忽略此内容
推荐学习
我学过
学时解析: 集中培训=2.0, 网络自学=5.5
tag-tree-list: 87 spans
当前页面URL: https://u.ccb.com/workshop/#/index?collegeId=&departmentId=&orderby=praise
新标签页URL: https://u.ccb.com/workshop/#/myworkshop/detail?id=d8e40285-8484-41ce-97ad-6f1698
页面标题预览:  总行
  曹书恒
研究
学习
我的
管理
个人主页
学习资源
我的直播
我的课程
我的专题班
我的乐学
我的训练营
我的大赛
我的论道
我的素材
我的选课
我的培训班*
我的调查
创作中心
我要直播
正在获取课程列表...
[工作线程 1] 打开课程标签页
[工作线程 2] 打开课程标签页
[工作线程 3] 打开课程标签页
[工作线程 4] 打开课程标签页
[工作线程 5] 打开课程标签页
[工作线程 1] 找到「继续学习」
[工作线程 2] 找到「继续学习」
[工作线程 1] 正在查找视频元素...
[工作线程 1] 找到视频元素: video
[工作线程 3] 找到「继续学习」
[工作线程 2] 正在查找视频元素...
[工作线程 2] 找到视频元素: video
[工作线程 4] 找到「继续学习」
[工作线程 3] 正在查找视频元素...
[工作线程 3] 找到视频元素: video
[工作线程 5] 找到「继续学习」
[工作线程 4] 正在查找视频元素...
[工作线程 4] 找到视频元素: video
[工作线程 5] 正在查找视频元素...
[工作线程 5] 找到视频元素: video
画质: 4个, 最低: 流畅
JS设置2倍速度确认
JS设置2倍速度确认
JS设置2倍速度确认
JS设置2倍速度确认
JS设置2倍速度确认
[工作线程 3] 打开课程标签页
[工作线程 3] 找到「我要学习」
[工作线程 4] 打开课程标签页
[工作线程 4] 找到「我要学习」
[工作线程 3] 正在查找视频元素...
[工作线程 3] 找到视频元素: video
[工作线程 4] 正在查找视频元素...
[工作线程 4] 找到视频元素: video
当前URL: https://u.ccb.com/portal/#/study?microPageId=1565348618942312449
学习中心页面内容:
学习中心
 总行
  曹书恒
研究
学习
我的
管理
总体培训情况
集中培训
网络自学
应训时长
每年应完成
90学时
每年应完成
50学时
今年已训
6学时
5.5学时
完成进度
今年
6.67%
今年
11%
学时指标:
1. 全行七职等及以上人员毎5年参加集中培训累计不少于3个月或550学时；其他人员毎年参加集中培训累计不少于12天或90学时。
2. 全行干部员工毎年参加网络自学累计不少于50学时。
集中培训 主要包括以下4种情形：
1. 经组织选调参加的脱产培训；
2. 参加党委理论学习中心组学习；
3. 经组织统一安排、在规定时限内参加并完成学习任务的网络专题培训；
4. 由组织安排，采取线上、线下等方式，在特定时间、指定地点参加的集中宣讲、专题讲座等。
网络自学 学时根据建行学习平台学习数据及培训管理ERP系统(TMIS)中“网络自学”数据进行统计。
我的必学
更多
今日没有学习任务
我的选学
更多
课程
微课
读书
案例
直播
专题班
训练营
   共计11.75学时
课程
征信合规管理系列课程
网络
学习进度
5.88%
忽略此内容
   共计1.75学时
课程
《员工网络安全实务手册》系列微课
网络
学习进度
14.29%
忽略此内容
   共计21.25学时
课程
金融科技人才培养工程项目第二期线上培训
网络
学习进度
92.86%
忽略此内容
推荐学习
我学过
学时解析: 集中培训=6.0, 网络自学=5.5
tag-tree-list: 87 spans
当前页面URL: https://u.ccb.com/workshop/#/index?collegeId=&departmentId=&orderby=praise
新标签页URL: https://u.ccb.com/workshop/#/myworkshop/detail?id=d8e40285-8484-41ce-97ad-6f1698
页面标题预览:  总行
  曹书恒
研究
学习
我的
管理
个人主页
学习资源
我的直播
我的课程
我的专题班
我的乐学
我的训练营
我的大赛
我的论道
我的素材
我的选课
我的培训班*
我的调查
创作中心
我要直播
正在获取课程列表...
[工作线程 1] 打开课程标签页
[工作线程 2] 打开课程标签页
[工作线程 2] 找到「我要学习」
[工作线程 3] 打开课程标签页
[工作线程 3] 找到「我要学习」
[工作线程 2] 正在查找视频元素...
[工作线程 2] 找到视频元素: video
[工作线程 4] 打开课程标签页
[工作线程 4] 找到「我要学习」
[工作线程 3] 正在查找视频元素...
[工作线程 3] 找到视频元素: video
[工作线程 5] 打开课程标签页
[工作线程 5] 找到「我要学习」
[工作线程 4] 正在查找视频元素...
[工作线程 4] 找到视频元素: video
[工作线程 5] 正在查找视频元素...
[工作线程 5] 找到视频元素: video
[工作线程 1] 找到「继续学习」
[工作线程 1] 正在查找视频元素...
[工作线程 1] 找到视频元素: video
画质: 4个, 最低: 流畅
倍速按钮不可见
倍速按钮不可见
画质: 4个, 最低: 流畅
画质: 4个, 最低: 流畅
学习中心页面内容:
学习中心
 总行
  曹书恒
研究
学习
我的
管理
总体培训情况
集中培训
网络自学
应训时长
每年应完成
90学时
每年应完成
50学时
今年已训
7.5学时
5.5学时
完成进度
今年
8.33%
今年
11%
学时指标:
1. 全行七职等及以上人员毎5年参加集中培训累计不少于3个月或550学时；其他人员毎年参加集中培训累计不少于12天或90学时。
2. 全行干部员工毎年参加网络自学累计不少于50学时。
集中培训 主要包括以下4种情形：
1. 经组织选调参加的脱产培训；
2. 参加党委理论学习中心组学习；
3. 经组织统一安排、在规定时限内参加并完成学习任务的网络专题培训；
4. 由组织安排，采取线上、线下等方式，在特定时间、指定地点参加的集中宣讲、专题讲座等。
网络自学 学时根据建行学习平台学习数据及培训管理ERP系统(TMIS)中“网络自学”数据进行统计。
我的必学
更多
今日没有学习任务
我的选学
更多
课程
微课
读书
案例
直播
专题班
训练营
   共计11.75学时
课程
征信合规管理系列课程
网络
学习进度
5.88%
忽略此内容
   共计1.75学时
课程
《员工网络安全实务手册》系列微课
网络
学习进度
14.29%
忽略此内容
   共计21.25学时
课程
金融科技人才培养工程项目第二期线上培训
网络
学习进度
92.86%
忽略此内容
推荐学习
我
学时解析: 集中培训=7.5, 网络自学=5.5
当前URL: https://u.ccb.com/portal/#/study?microPageId=1565348618942312449
学习中心页面内容:
学习中心
 总行
  曹书恒
研究
学习
我的
管理
总体培训情况
集中培训
网络自学
应训时长
每年应完成
90学时
每年应完成
50学时
今年已训
7.5学时
5.5学时
完成进度
今年
8.33%
今年
11%
学时指标:
1. 全行七职等及以上人员毎5年参加集中培训累计不少于3个月或550学时；其他人员毎年参加集中培训累计不少于12天或90学时。
2. 全行干部员工毎年参加网络自学累计不少于50学时。
集中培训 主要包括以下4种情形：
1. 经组织选调参加的脱产培训；
2. 参加党委理论学习中心组学习；
3. 经组织统一安排、在规定时限内参加并完成学习任务的网络专题培训；
4. 由组织安排，采取线上、线下等方式，在特定时间、指定地点参加的集中宣讲、专题讲座等。
网络自学 学时根据建行学习平台学习数据及培训管理ERP系统(TMIS)中“网络自学”数据进行统计。
我的必学
更多
今日没有学习任务
我的选学
更多
课程
微课
读书
案例
直播
专题班
训练营
   共计11.75学时
课程
征信合规管理系列课程
网络
学习进度
5.88%
忽略此内容
   共计1.75学时
课程
《员工网络安全实务手册》系列微课
网络
学习进度
14.29%
忽略此内容
   共计21.25学时
课程
金融科技人才培养工程项目第二期线上培训
网络
学习进度
92.86%
忽略此内容
推荐学习
我
学时解析: 集中培训=7.5, 网络自学=5.5
当前URL: https://u.ccb.com/portal/#/study?microPageId=1565348618942312449
学习中心页面内容:
学习中心
 总行
  曹书恒
研究
学习
我的
管理
总体培训情况
集中培训
网络自学
应训时长
每年应完成
90学时
每年应完成
50学时
今年已训
7.5学时
5.5学时
完成进度
今年
8.33%
今年
11%
学时指标:
1. 全行七职等及以上人员毎5年参加集中培训累计不少于3个月或550学时；其他人员毎年参加集中培训累计不少于12天或90学时。
2. 全行干部员工毎年参加网络自学累计不少于50学时。
集中培训 主要包括以下4种情形：
1. 经组织选调参加的脱产培训；
2. 参加党委理论学习中心组学习；
3. 经组织统一安排、在规定时限内参加并完成学习任务的网络专题培训；
4. 由组织安排，采取线上、线下等方式，在特定时间、指定地点参加的集中宣讲、专题讲座等。
网络自学 学时根据建行学习平台学习数据及培训管理ERP系统(TMIS)中“网络自学”数据进行统计。
我的必学
更多
今日没有学习任务
我的选学
更多
课程
微课
读书
案例
直播
专题班
训练营
   共计11.75学时
课程
征信合规管理系列课程
网络
学习进度
5.88%
忽略此内容
   共计1.75学时
课程
《员工网络安全实务手册》系列微课
网络
学习进度
14.29%
忽略此内容
   共计21.25学时
课程
金融科技人才培养工程项目第二期线上培训
网络
学习进度
92.86%
忽略此内容
推荐学习
我
学时解析: 集中培训=7.5, 网络自学=5.5
当前URL: https://u.ccb.com/portal/#/study?microPageId=1565348618942312449
学习中心页面内容:
学习中心
 总行
  曹书恒
研究
学习
我的
管理
总体培训情况
集中培训
网络自学
应训时长
每年应完成
90学时
每年应完成
50学时
今年已训
7.5学时
5.5学时
完成进度
今年
8.33%
今年
11%
学时指标:
1. 全行七职等及以上人员毎5年参加集中培训累计不少于3个月或550学时；其他人员毎年参加集中培训累计不少于12天或90学时。
2. 全行干部员工毎年参加网络自学累计不少于50学时。
集中培训 主要包括以下4种情形：
1. 经组织选调参加的脱产培训；
2. 参加党委理论学习中心组学习；
3. 经组织统一安排、在规定时限内参加并完成学习任务的网络专题培训；
4. 由组织安排，采取线上、线下等方式，在特定时间、指定地点参加的集中宣讲、专题讲座等。
网络自学 学时根据建行学习平台学习数据及培训管理ERP系统(TMIS)中“网络自学”数据进行统计。
我的必学
更多
今日没有学习任务
我的选学
更多
课程
微课
读书
案例
直播
专题班
训练营
   共计11.75学时
课程
征信合规管理系列课程
网络
学习进度
5.88%
忽略此内容
   共计1.75学时
课程
《员工网络安全实务手册》系列微课
网络
学习进度
14.29%
忽略此内容
   共计21.25学时
课程
金融科技人才培养工程项目第二期线上培训
网络
学习进度
92.86%
忽略此内容
推荐学习
我
学时解析: 集中培训=7.5, 网络自学=5.5
tag-tree-list: 87 spans
当前页面URL: https://u.ccb.com/workshop/#/index?collegeId=&departmentId=&orderby=praise
新标签页URL: https://u.ccb.com/workshop/#/myworkshop/detail?id=d8e40285-8484-41ce-97ad-6f1698
页面标题预览:  总行
  曹书恒
研究
学习
我的
管理
个人主页
学习资源
我的直播
我的课程
我的专题班
我的乐学
我的训练营
我的大赛
我的论道
我的素材
我的选课
我的培训班*
我的调查
创作中心
我要直播
正在获取课程列表...
[工作线程 1] 打开课程标签页
[工作线程 2] 打开课程标签页
[工作线程 3] 打开课程标签页
[工作线程 4] 打开课程标签页
[工作线程 5] 打开课程标签页
[工作线程 1] 找到「继续学习」
[工作线程 2] 找到「继续学习」
[工作线程 1] 正在查找视频元素...
[工作线程 1] 找到视频元素: [class*='video']
[工作线程 3] 找到「继续学习」
[工作线程 2] 正在查找视频元素...
[工作线程 2] 找到视频元素: video
[工作线程 4] 找到「继续学习」
[工作线程 3] 正在查找视频元素...
[工作线程 3] 找到视频元素: video
[工作线程 5] 找到「继续学习」
[工作线程 4] 正在查找视频元素...
[工作线程 4] 找到视频元素: video
[工作线程 5] 正在查找视频元素...
[工作线程 5] 找到视频元素: video
倍速按钮不可见
倍速按钮不可见
倍速按钮不可见
画质: 4个, 最低: 流畅
当前URL: https://u.ccb.com/portal/#/study?microPageId=1565348618942312449
学习中心页面内容:
学习中心
 总行
  曹书恒
研究
学习
我的
管理
总体培训情况
集中培训
网络自学
应训时长
每年应完成
90学时
每年应完成
50学时
今年已训
7.5学时
5.5学时
完成进度
今年
8.33%
今年
11%
学时指标:
1. 全行七职等及以上人员毎5年参加集中培训累计不少于3个月或550学时；其他人员毎年参加集中培训累计不少于12天或90学时。
2. 全行干部员工毎年参加网络自学累计不少于50学时。
集中培训 主要包括以下4种情形：
1. 经组织选调参加的脱产培训；
2. 参加党委理论学习中心组学习；
3. 经组织统一安排、在规定时限内参加并完成学习任务的网络专题培训；
4. 由组织安排，采取线上、线下等方式，在特定时间、指定地点参加的集中宣讲、专题讲座等。
网络自学 学时根据建行学习平台学习数据及培训管理ERP系统(TMIS)中“网络自学”数据进行统计。
我的必学
更多
今日没有学习任务
我的选学
更多
课程
微课
读书
案例
直播
专题班
训练营
   共计11.75学时
课程
征信合规管理系列课程
网络
学习进度
5.88%
忽略此内容
   共计1.75学时
课程
《员工网络安全实务手册》系列微课
网络
学习进度
14.29%
忽略此内容
   共计21.25学时
课程
金融科技人才培养工程项目第二期线上培训
网络
学习进度
92.86%
忽略此内容
推荐学习
我
学时解析: 集中培训=7.5, 网络自学=5.5
tag-tree-list: 87 spans
当前页面URL: https://u.ccb.com/workshop/#/index?collegeId=&departmentId=&orderby=praise
新标签页URL: https://u.ccb.com/workshop/#/myworkshop/detail?id=d8e40285-8484-41ce-97ad-6f1698
页面标题预览:  总行
  曹书恒
研究
学习
我的
管理
个人主页
学习资源
我的直播
我的课程
我的专题班
我的乐学
我的训练营
我的大赛
我的论道
我的素材
我的选课
我的培训班*
我的调查
创作中心
我要直播
正在获取课程列表...
[工作线程 1] 打开课程标签页
[工作线程 2] 打开课程标签页
[工作线程 3] 打开课程标签页
[工作线程 4] 打开课程标签页
[工作线程 5] 打开课程标签页
[工作线程 1] 找到「继续学习」
[工作线程 2] 找到「继续学习」
[工作线程 1] 正在查找视频元素...
[工作线程 1] 找到视频元素: video
[工作线程 3] 找到「继续学习」
[工作线程 2] 正在查找视频元素...
[工作线程 2] 找到视频元素: video
[工作线程 4] 找到「继续学习」
[工作线程 5] 找到「继续学习」
[工作线程 3] 正在查找视频元素...
[工作线程 3] 找到视频元素: video
[工作线程 4] 正在查找视频元素...
[工作线程 4] 找到视频元素: video
[工作线程 5] 正在查找视频元素...
[工作线程 5] 找到视频元素: video
倍速按钮不可见
倍速按钮不可见
倍速按钮不可见
倍速按钮不可见
画质: 4个, 最低: 流畅
当前URL: https://u.ccb.com/portal/#/study?microPageId=1565348618942312449
当前URL: https://u.ccb.com/portal/#/study?microPageId=1565348618942312449
学习中心页面内容:
学习中心
 总行
  曹书恒
研究
学习
我的
管理
总体培训情况
集中培训
网络自学
应训时长
每年应完成
90学时
每年应完成
50学时
今年已训
7.5学时
5.5学时
完成进度
今年
8.33%
今年
11%
学时指标:
1. 全行七职等及以上人员毎5年参加集中培训累计不少于3个月或550学时；其他人员毎年参加集中培训累计不少于12天或90学时。
2. 全行干部员工毎年参加网络自学累计不少于50学时。
集中培训 主要包括以下4种情形：
1. 经组织选调参加的脱产培训；
2. 参加党委理论学习中心组学习；
3. 经组织统一安排、在规定时限内参加并完成学习任务的网络专题培训；
4. 由组织安排，采取线上、线下等方式，在特定时间、指定地点参加的集中宣讲、专题讲座等。
网络自学 学时根据建行学习平台学习数据及培训管理ERP系统(TMIS)中“网络自学”数据进行统计。
我的必学
更多
今日没有学习任务
我的选学
更多
课程
微课
读书
案例
直播
专题班
训练营
   共计11.75学时
课程
征信合规管理系列课程
网络
学习进度
5.88%
忽略此内容
   共计1.75学时
课程
《员工网络安全实务手册》系列微课
网络
学习进度
14.29%
忽略此内容
   共计21.25学时
课程
金融科技人才培养工程项目第二期线上培训
网络
学习进度
92.86%
忽略此内容
推荐学习
我
学时解析: 集中培训=7.5, 网络自学=5.5
tag-tree-list: 87 spans
当前页面URL: https://u.ccb.com/workshop/#/index?collegeId=&departmentId=&orderby=praise
新标签页URL: https://u.ccb.com/workshop/#/myworkshop/detail?id=d8e40285-8484-41ce-97ad-6f1698
页面标题预览:  总行
  曹书恒
研究
学习
我的
管理
个人主页
学习资源
我的直播
我的课程
我的专题班
我的乐学
我的训练营
我的大赛
我的论道
我的素材
我的选课
我的培训班*
我的调查
创作中心
我要直播
正在获取课程列表...
[工作线程 1] 打开课程标签页
[工作线程 2] 打开课程标签页
[工作线程 3] 打开课程标签页
[工作线程 4] 打开课程标签页
[工作线程 5] 打开课程标签页
[工作线程 1] 找到「继续学习」
[工作线程 2] 找到「继续学习」
[工作线程 1] 正在查找视频元素...
[工作线程 1] 找到视频元素: video
[工作线程 3] 找到「继续学习」
[工作线程 2] 正在查找视频元素...
[工作线程 2] 找到视频元素: video
[工作线程 4] 找到「继续学习」
[工作线程 3] 正在查找视频元素...
[工作线程 3] 找到视频元素: video
[工作线程 5] 找到「继续学习」
[工作线程 4] 正在查找视频元素...
[工作线程 4] 找到视频元素: video
[工作线程 5] 正在查找视频元素...
[工作线程 5] 找到视频元素: video
画质异常: Locator.click: Element is not visible
Call log:
  - waiting for locator(".current-quality").first
    - locator resolved to <div data-ref="" data-def="1080P" class="current-quality">1080P</div>
  - attempting click action
    - scrolling into view if needed

倍速异常: Locator.click: Element is not visible
Call log:
  - waiting for locator(".current-rate").first
    - locator resolved to <div class="current-rate">1.0x</div>
  - attempting click action
    - scrolling into view if needed

画质异常: Locator.click: Element is not visible
Call log:
  - waiting for locator(".current-quality").first
    - locator resolved to <div data-ref="" data-def="1080P" class="current-quality">1080P</div>
  - attempting click action
    - scrolling into view if needed

倍速异常: Locator.click: Element is not visible
Call log:
  - waiting for locator(".current-rate").first
    - locator resolved to <div class="current-rate">1.0x</div>
  - attempting click action
    - scrolling into view if needed

画质异常: Locator.click: Element is not visible
Call log:
  - waiting for locator(".current-quality").first
    - locator resolved to <div data-ref="" data-def="1080P" class="current-quality">1080P</div>
  - attempting click action
    - scrolling into view if needed

倍速异常: Locator.click: Element is not visible
Call log:
  - waiting for locator(".current-rate").first
    - locator resolved to <div class="current-rate">1.0x</div>
  - attempting click action
    - scrolling into view if needed

画质异常: Locator.click: Element is not visible
Call log:
  - waiting for locator(".current-quality").first
    - locator resolved to <div data-ref="" data-def="1080P" class="current-quality">1080P</div>
  - attempting click action
    - scrolling into view if needed

倍速异常: Locator.click: Element is not visible
Call log:
  - waiting for locator(".current-rate").first
    - locator resolved to <div class="current-rate">1.0x</div>
  - attempting click action
    - scrolling into view if needed

画质: 4个, 选: 流畅
倍速异常: Locator.click: Element is not visible
Call log:
  - waiting for locator("li[data-rate=\"2.0\"]").first
    - locator resolved to <li data-rate="2.0">2.0x</li>
  - attempting click action
    - scrolling into view if needed

当前URL: https://u.ccb.com/portal/#/study?microPageId=1565348618942312449
tag-tree-list: 87 spans
当前页面URL: https://u.ccb.com/workshop/#/index?collegeId=&departmentId=&orderby=praise
新标签页URL: https://u.ccb.com/workshop/#/myworkshop/detail?id=d8e40285-8484-41ce-97ad-6f1698
页面标题预览:  总行
  曹书恒
研究
学习
我的
管理
个人主页
学习资源
我的直播
我的课程
我的专题班
我的乐学
我的训练营
我的大赛
我的论道
我的素材
我的选课
我的培训班*
我的调查
创作中心
我要直播
正在获取课程列表...
[工作线程 1] 打开课程标签页
[工作线程 2] 打开课程标签页
[工作线程 3] 打开课程标签页
[工作线程 4] 打开课程标签页
[工作线程 5] 打开课程标签页
[工作线程 1] 找到「继续学习」
[工作线程 2] 找到「继续学习」
[工作线程 1] 正在查找视频元素...
[工作线程 1] 找到视频元素: video
