检查登录 - URL: https://u.ccb.com/portal/#/study?microPageId=1565348618942312449
检查登录 - 页面前100字:  总行
  登录
登录跟进你的学习进度 立即登录
本平台为非密平台，严禁处理、传输国家秘密、工作秘密及商业秘密
0学时
今年集中培训 
4.50学时
今年网络自学 
0学员
正在学习 
0%员工
超过
未登录，请在浏览器中手动登录后按回车...
会话已保存

============================================================
测试: 459f805d-7dcc-4cbb-af89-a94179a096d8
URL: https://u.ccb.com/workshop/#/myworkshop/detail?id=459f805d-7dcc-4cbb-af89-a94179a096d8
============================================================
  当前URL: https://u.ccb.com/workshop/#/myworkshop/detail?id=459f805d-7dcc-4cbb-af89-a94179a096d8
  页面文本长度: 1837
  页面文本前200字:  总行
 
 曹书恒
研究
学习
我的
管理
个人主页
学习资源
我的直播
我的课程
我的专题班
我的乐学
我的训练营
我的大赛
我的论道
我的素材
我的选课
我的培训班*
我的调查
创作中心
我要直播
乐学短视频
来画动画
来画数字人
智能制课作品
其他功能
场地预定
做课工具
资质认证
考试中心
考试客户端下载
我的报名
我的考试
我的错题集
我的练习
错题集
专技考试练习
个人空间
本平台为
  点击标签后表格行数: 0

============================================================
测试: 25ea69db-93dc-48e1-9bbe-cfb0e405389d
URL: https://u.ccb.com/workshop/#/myworkshop/detail?id=25ea69db-93dc-48e1-9bbe-cfb0e405389d
============================================================
  当前URL: https://u.ccb.com/workshop/#/myworkshop/detail?id=25ea69db-93dc-48e1-9bbe-cfb0e405389d
  页面文本长度: 1302
  页面文本前200字:  总行
 
 曹书恒
研究
学习
我的
管理
个人主页
学习资源
我的直播
我的课程
我的专题班
我的乐学
我的训练营
我的大赛
我的论道
我的素材
我的选课
我的培训班*
我的调查
创作中心
我要直播
乐学短视频
来画动画
来画数字人
智能制课作品
其他功能
场地预定
做课工具
资质认证
考试中心
考试客户端下载
我的报名
我的考试
我的错题集
我的练习
错题集
专技考试练习
个人空间
本平台为
  点击标签后表格行数: 0

============================================================
测试: 98635074-44d4-46f5-a2ac-058c854234a9
URL: https://u.ccb.com/workshop/#/myworkshop/detail?id=98635074-44d4-46f5-a2ac-058c854234a9
============================================================
  当前URL: https://u.ccb.com/workshop/#/myworkshop/detail?id=98635074-44d4-46f5-a2ac-058c854234a9
  页面文本长度: 1615
  页面文本前200字:  总行
 
 曹书恒
研究
学习
我的
管理
个人主页
学习资源
我的直播
我的课程
我的专题班
我的乐学
我的训练营
我的大赛
我的论道
我的素材
我的选课
我的培训班*
我的调查
创作中心
我要直播
乐学短视频
来画动画
来画数字人
智能制课作品
其他功能
场地预定
做课工具
资质认证
考试中心
考试客户端下载
我的报名
我的考试
我的错题集
我的练习
错题集
专技考试练习
个人空间
本平台为
  点击标签后表格行数: 0

============================================================
测试: 17a0f167-1c21-49c5-aa62-068267f90aca
URL: https://u.ccb.com/workshop/#/myworkshop/detail?id=17a0f167-1c21-49c5-aa62-068267f90aca
============================================================
  当前URL: https://u.ccb.com/workshop/#/detail?id=17a0f167-1c21-49c5-aa62-068267f90aca
  页面文本长度: 1459
  页面文本前200字:  总行
 
 曹书恒
研究
学习
我的
管理
2024年党外代表人士网络培训班
创建日期： 2024-08-27 创建人： 李曦  收藏
报名时间： 不限 至 2024-12-03 23:59:59
报名截止
1.5万
报名人数
195
点赞数
简介
国有企业是党的统一战线工作的传统领域和重要阵地。根据中央精神和总行党委部署，2024年党外代表人士网络培训班旨在引导全行党外人士，尤其是党外代表人士
  点击标签后表格行数: 18

============================================================
测试: 458e8eeb-0f56-412e-989f-5301be134b21
URL: https://u.ccb.com/workshop/#/myworkshop/detail?id=458e8eeb-0f56-412e-989f-5301be134b21
============================================================
  当前URL: https://u.ccb.com/workshop/#/myworkshop/detail?id=458e8eeb-0f56-412e-989f-5301be134b21
  页面文本长度: 2189
  页面文本前200字:  总行
 
 曹书恒
研究
学习
我的
管理
个人主页
学习资源
我的直播
我的课程
我的专题班
我的乐学
我的训练营
我的大赛
我的论道
我的素材
我的选课
我的培训班*
我的调查
创作中心
我要直播
乐学短视频
来画动画
来画数字人
智能制课作品
其他功能
场地预定
做课工具
资质认证
考试中心
考试客户端下载
我的报名
我的考试
我的错题集
我的练习
错题集
专技考试练习
个人空间
本平台为
  点击标签后表格行数: 0

调试完成，结果已保存到 debug_collect.log
